Testing 5 limits to catch the crash...
=== Sukinime Scraper — Anoboy Primary ===

[Anoboy] Fetching schedule...
[Anoboy] Found 0 anime with day, 7 ongoing slugs
[Anoboy] Fetching Home Updates...
[Anoboy] Found 16 Home Updates
[Anoboy] Fetching Popular...
[Anoboy] Found 14 Popular Animes
[Anoboy] Fetching Movies...
[Anoboy] Found 30 Movies
[Anoboy] Fetching Genres...

--- Scraping Category: Update Terbaru (5 anime) ---
[1/5] tamon-kun-ima-docchi
[2/5] jigoku-sensei-nube-2025-part-2
[3/5] long-zu-ii-daowangzhe-zhi-tong
[4/5] steel-ball-run-jojo-no-kimyou-na-bouken
[5/5] yuusha-kei-ni-shosu-choubatsu-yuusha-9004-tai-keimu-kiroku
  → Syncing 5 anime to DB...
  ✓ 5 anime, 57 episodes synced
  → Scraping 57 episode sources...
  ✓ 4 sources for ep 45bbe2d2...
  ✓ 4 sources for ep e8c051ec...
  ✓ 4 sources for ep b4c63199...
  ✓ 4 sources for ep 0e555bb3...
  ✓ 4 sources for ep d038eef2...
  ✓ 4 sources for ep 0a7f892d...
  ✓ 4 sources for ep 9345f6be...
  ✓ 4 sources for ep 4d54b4fc...
  ✓ 4 sources for ep 9cab9671...
  ✓ 4 sources for ep 1754f59d...
  ✓ 4 sources for ep 64221415...
  ✓ 4 sources for ep 70424d3d...
  ✓ 4 sources for ep 059778f0...
  ✓ 4 sources for ep 21845028...
  ✓ 4 sources for ep 06bf4190...
  ✓ 4 sources for ep 1c1b06b7...
  ✓ 4 sources for ep 4e27d76f...
  ✓ 3 sources for ep 1f58d171...
  ✓ 4 sources for ep e554f9c0...
  ✓ 4 sources for ep ce0c049f...
  ✓ 4 sources for ep 524832a6...
  ✓ 4 sources for ep e0eb1071...
  ✓ 4 sources for ep 65609554...
  ✓ 3 sources for ep 1ad86796...
  ✓ 3 sources for ep a69e57ce...
  ✓ 3 sources for ep 5ebd3d1a...
  ✓ 3 sources for ep 0689fc55...
  ✓ 3 sources for ep 171c77e4...
  ✓ 3 sources for ep e123b8e6...
  ✓ 3 sources for ep 90432529...
  ✓ 3 sources for ep cf5cca99...
  ✓ 3 sources for ep 056aae3c...
  ✓ 3 sources for ep 5f04e421...
  ✓ 4 sources for ep 4c9be586...
  ✓ 4 sources for ep 596d63b8...
  ✓ 4 sources for ep ce0d179f...
  ✓ 4 sources for ep 487591be...
  ✓ 4 sources for ep e7e27cab...
  ✓ 4 sources for ep cf6fc920...
  ✓ 4 sources for ep cc0aaf05...
  ✓ 4 sources for ep ef75f282...
  ✓ 4 sources for ep bf8cba4d...
  ✓ 4 sources for ep a87bec0a...
  ✓ 4 sources for ep 43615bda...
  ✓ 4 sources for ep b2b708d3...
  ✓ 4 sources for ep 1f278890...
  ✓ 2 sources for ep 06c38026...
  ✓ 4 sources for ep da16c7c5...
  ✓ 4 sources for ep c29401a0...
  ✓ 4 sources for ep d2c5c42c...
  ✓ 4 sources for ep 29143cb0...
  ✓ 4 sources for ep 436f32ff...
  ✓ 4 sources for ep 6c50a78b...
  ✓ 4 sources for ep b4327d21...
  ✓ 4 sources for ep a17f531f...
  ✓ 4 sources for ep 503dd61d...
  ✓ 4 sources for ep 9ca97eb4...
Done category Update Terbaru: 5/5 anime saved.

--- Scraping Category: Popular (5 anime) ---
[1/5] one-punch-man-2nd-season
[2/5] one-piece
[3/5] one-piece
[4/5] boruto-naruto-next-generations
[5/5] boruto-naruto-next-generations
  → Syncing 5 anime to DB...
  [DB ERROR] POST /animes?on_conflict=slug → 500: {"code":"21000","details":null,"hint":"Ensure that no rows proposed for insertion within the same command have duplicate constrained values.","message":"ON CONFLICT DO UPDATE command cannot affect row a second time"}
  [ERROR] Batch anime insert failed: {"code":"21000","details":null,"hint":"Ensure that no rows proposed for insertion within the same command have duplicate constrained values.","message":"ON CONFLICT DO UPDATE command cannot affect row
Done category Popular: 5/5 anime saved.

--- Scraping Category: Movie (5 anime) ---
[1/5] black-clover-mahou-tei-no-ken
[2/5] seishun-buta-yarou-wa-odekake-sister-no-yume-wo-minai
[3/5] seishun-buta-yarou-wa-odekake-sister-no-yume-wo-minai
[4/5] boku-no-hero-academia-ua-heroes-battle
[5/5] boku-no-hero-academia-ua-heroes-battle
  → Syncing 5 anime to DB...
  [DB ERROR] POST /animes?on_conflict=slug → 500: {"code":"21000","details":null,"hint":"Ensure that no rows proposed for insertion within the same command have duplicate constrained values.","message":"ON CONFLICT DO UPDATE command cannot affect row a second time"}
  [ERROR] Batch anime insert failed: {"code":"21000","details":null,"hint":"Ensure that no rows proposed for insertion within the same command have duplicate constrained values.","message":"ON CONFLICT DO UPDATE command cannot affect row
Done category Movie: 5/5 anime saved.
DONE without crash
